Copyright 1986-2017 Xilinx, Inc. All Rights Reserved.
----------------------------------------------------------------------------------------------------------------------------------------------------------------
| Tool Version     : Vivado v.2017.3 (win64) Build 2018833 Wed Oct  4 19:58:22 MDT 2017
| Date             : Mon May 31 20:22:03 2021
| Host             : LAPTOP-BEASOA6F running 64-bit major release  (build 9200)
| Command          : report_power -file MiniMIPS32_SYS_power_routed.rpt -pb MiniMIPS32_SYS_power_summary_routed.pb -rpx MiniMIPS32_SYS_power_routed.rpx
| Design           : MiniMIPS32_SYS
| Device           : xc7a35tftg256-1
| Design State     : routed
| Grade            : commercial
| Process          : typical
| Characterization : Production
----------------------------------------------------------------------------------------------------------------------------------------------------------------

Power Report

Table of Contents
-----------------
1. Summary
1.1 On-Chip Components
1.2 Power Supply Summary
1.3 Confidence Level
2. Settings
2.1 Environment
2.2 Clock Constraints
3. Detailed Reports
3.1 By Hierarchy

1. Summary
----------

+--------------------------+----------------------------------+
| Total On-Chip Power (W)  | 13.096 (Junction temp exceeded!) |
| Design Power Budget (W)  | Unspecified*                     |
| Power Budget Margin (W)  | NA                               |
| Dynamic (W)              | 12.904                           |
| Device Static (W)        | 0.192                            |
| Effective TJA (C/W)      | 4.9                              |
| Max Ambient (C)          | 21.4                             |
| Junction Temperature (C) | 88.6                             |
| Confidence Level         | Low                              |
| Setting File             | ---                              |
| Simulation Activity File | ---                              |
| Design Nets Matched      | NA                               |
+--------------------------+----------------------------------+
* Specify Design Power Budget using, set_operating_conditions -design_power_budget <value in Watts>


1.1 On-Chip Components
----------------------

+--------------------------+-----------+----------+-----------+-----------------+
| On-Chip                  | Power (W) | Used     | Available | Utilization (%) |
+--------------------------+-----------+----------+-----------+-----------------+
| Slice Logic              |     4.960 |     2477 |       --- |             --- |
|   LUT as Logic           |     4.704 |      901 |     20800 |            4.33 |
|   LUT as Distributed RAM |     0.104 |      128 |      9600 |            1.33 |
|   F7/F8 Muxes            |     0.084 |      384 |     32600 |            1.18 |
|   CARRY4                 |     0.052 |       18 |      8150 |            0.22 |
|   Register               |     0.011 |     1003 |     41600 |            2.41 |
|   BUFG                   |     0.006 |        1 |        32 |            3.13 |
|   Others                 |     0.000 |        4 |       --- |             --- |
| Signals                  |     7.932 |     1736 |       --- |             --- |
| I/O                      |     0.012 |        4 |       170 |            2.35 |
| Static Power             |     0.192 |          |           |                 |
| Total                    |    13.096 |          |           |                 |
+--------------------------+-----------+----------+-----------+-----------------+


1.2 Power Supply Summary
------------------------

+-----------+-------------+-----------+-------------+------------+
| Source    | Voltage (V) | Total (A) | Dynamic (A) | Static (A) |
+-----------+-------------+-----------+-------------+------------+
| Vccint    |       1.000 |    13.003 |      12.896 |      0.107 |
| Vccaux    |       1.800 |     0.024 |       0.000 |      0.024 |
| Vcco33    |       3.300 |     0.003 |       0.002 |      0.001 |
| Vcco25    |       2.500 |     0.000 |       0.000 |      0.000 |
| Vcco18    |       1.800 |     0.000 |       0.000 |      0.000 |
| Vcco15    |       1.500 |     0.000 |       0.000 |      0.000 |
| Vcco135   |       1.350 |     0.000 |       0.000 |      0.000 |
| Vcco12    |       1.200 |     0.000 |       0.000 |      0.000 |
| Vccaux_io |       1.800 |     0.000 |       0.000 |      0.000 |
| Vccbram   |       1.000 |     0.003 |       0.000 |      0.003 |
| MGTAVcc   |       1.000 |     0.000 |       0.000 |      0.000 |
| MGTAVtt   |       1.200 |     0.000 |       0.000 |      0.000 |
| Vccadc    |       1.800 |     0.020 |       0.000 |      0.020 |
+-----------+-------------+-----------+-------------+------------+


1.3 Confidence Level
--------------------

+-----------------------------+------------+--------------------------------------------------------+--------------------------------------------------------------------------------------------------------------------+
| User Input Data             | Confidence | Details                                                | Action                                                                                                             |
+-----------------------------+------------+--------------------------------------------------------+--------------------------------------------------------------------------------------------------------------------+
| Design implementation state | High       | Design is routed                                       |                                                                                                                    |
| Clock nodes activity        | Low        | User specified less than 75% of clocks                 | Provide missing clock activity with a constraint file, simulation results or by editing the "By Clock Domain" view |
| I/O nodes activity          | Low        | More than 75% of inputs are missing user specification | Provide missing input activity with simulation results or by editing the "By Resource Type -> I/Os" view           |
| Internal nodes activity     | Medium     | User specified less than 25% of internal nodes         | Provide missing internal nodes activity with simulation results or by editing the "By Resource Type" views         |
| Device models               | High       | Device models are Production                           |                                                                                                                    |
|                             |            |                                                        |                                                                                                                    |
| Overall confidence level    | Low        |                                                        |                                                                                                                    |
+-----------------------------+------------+--------------------------------------------------------+--------------------------------------------------------------------------------------------------------------------+


2. Settings
-----------

2.1 Environment
---------------

+-----------------------+--------------------------+
| Ambient Temp (C)      | 25.0                     |
| ThetaJA (C/W)         | 4.9                      |
| Airflow (LFM)         | 250                      |
| Heat Sink             | medium (Medium Profile)  |
| ThetaSA (C/W)         | 4.6                      |
| Board Selection       | medium (10"x10")         |
| # of Board Layers     | 12to15 (12 to 15 Layers) |
| Board Temperature (C) | 25.0                     |
+-----------------------+--------------------------+


2.2 Clock Constraints
---------------------

+-------+--------+-----------------+
| Clock | Domain | Constraint (ns) |
+-------+--------+-----------------+


3. Detailed Reports
-------------------

3.1 By Hierarchy
----------------

+-----------------------------------+-----------+
| Name                              | Power (W) |
+-----------------------------------+-----------+
| MiniMIPS32_SYS                    |    12.904 |
|   CPU                             |     9.658 |
|     exe_stage0                    |     0.283 |
|     id_stage0                     |     0.125 |
|     if_stage                      |     0.513 |
|     regfile0                      |     8.737 |
|   data_ram                        |     0.143 |
|     U0                            |     0.143 |
|       synth_options.dist_mem_inst |     0.143 |
|         gen_sp_ram.spram_inst     |     0.143 |
|           ram_reg_0_255_0_0       |     0.004 |
|           ram_reg_0_255_10_10     |     0.004 |
|           ram_reg_0_255_11_11     |     0.004 |
|           ram_reg_0_255_12_12     |     0.004 |
|           ram_reg_0_255_13_13     |     0.004 |
|           ram_reg_0_255_14_14     |     0.004 |
|           ram_reg_0_255_15_15     |     0.005 |
|           ram_reg_0_255_16_16     |     0.004 |
|           ram_reg_0_255_17_17     |     0.004 |
|           ram_reg_0_255_18_18     |     0.005 |
|           ram_reg_0_255_19_19     |     0.004 |
|           ram_reg_0_255_1_1       |     0.004 |
|           ram_reg_0_255_20_20     |     0.004 |
|           ram_reg_0_255_21_21     |     0.004 |
|           ram_reg_0_255_22_22     |     0.004 |
|           ram_reg_0_255_23_23     |     0.004 |
|           ram_reg_0_255_24_24     |     0.006 |
|           ram_reg_0_255_25_25     |     0.005 |
|           ram_reg_0_255_26_26     |     0.005 |
|           ram_reg_0_255_27_27     |     0.005 |
|           ram_reg_0_255_28_28     |     0.005 |
|           ram_reg_0_255_29_29     |     0.004 |
|           ram_reg_0_255_2_2       |     0.005 |
|           ram_reg_0_255_30_30     |     0.005 |
|           ram_reg_0_255_31_31     |     0.004 |
|           ram_reg_0_255_3_3       |     0.004 |
|           ram_reg_0_255_4_4       |     0.004 |
|           ram_reg_0_255_5_5       |     0.005 |
|           ram_reg_0_255_6_6       |     0.005 |
|           ram_reg_0_255_7_7       |     0.004 |
|           ram_reg_0_255_8_8       |     0.004 |
|           ram_reg_0_255_9_9       |     0.005 |
|   inst_rom                        |     3.000 |
|     U0                            |     3.000 |
|       synth_options.dist_mem_inst |     3.000 |
|         gen_rom.rom_inst          |     3.000 |
+-----------------------------------+-----------+


