
*** Running vivado
    with args -log data_ram.vds -m64 -product Vivado -mode batch -messageDb vivado.pb -notrace -source data_ram.tcl


****** Vivado v2017.3 (64-bit)
  **** SW Build 2018833 on Wed Oct  4 19:58:22 MDT 2017
  **** IP Build 2016188 on Wed Oct  4 21:52:56 MDT 2017
    ** Copyright 1986-2017 Xilinx, Inc. All Rights Reserved.

source data_ram.tcl -notrace
Starting RTL Elaboration : Time (s): cpu = 00:00:16 ; elapsed = 00:00:19 . Memory (MB): peak = 341.816 ; gain = 93.402
INFO: [Synth 8-638] synthesizing module 'data_ram' [d:/Work/vivado_project/DLC/MiniMIPS32/MiniMIPS32.srcs/sources_1/ip/data_ram/synth/data_ram.vhd:69]
INFO: [Synth 8-256] done synthesizing module 'data_ram' (4#1) [d:/Work/vivado_project/DLC/MiniMIPS32/MiniMIPS32.srcs/sources_1/ip/data_ram/synth/data_ram.vhd:69]
Finished RTL Elaboration : Time (s): cpu = 00:00:19 ; elapsed = 00:00:23 . Memory (MB): peak = 385.926 ; gain = 137.512
Finished RTL Optimization Phase 1 : Time (s): cpu = 00:00:20 ; elapsed = 00:00:23 . Memory (MB): peak = 385.926 ; gain = 137.512
INFO: [Device 21-403] Loading part xc7a35tftg256-1
Constraint Validation Runtime : Time (s): cpu = 00:00:00 ; elapsed = 00:00:00.008 . Memory (MB): peak = 667.195 ; gain = 0.000
Finished Constraint Validation : Time (s): cpu = 00:00:41 ; elapsed = 00:00:46 . Memory (MB): peak = 667.195 ; gain = 418.781
Finished Loading Part and Timing Information : Time (s): cpu = 00:00:41 ; elapsed = 00:00:46 . Memory (MB): peak = 667.195 ; gain = 418.781
Finished applying 'set_property' XDC Constraints : Time (s): cpu = 00:00:41 ; elapsed = 00:00:46 . Memory (MB): peak = 667.195 ; gain = 418.781
Finished RTL Optimization Phase 2 : Time (s): cpu = 00:00:41 ; elapsed = 00:00:46 . Memory (MB): peak = 667.195 ; gain = 418.781
Finished Cross Boundary and Area Optimization : Time (s): cpu = 00:00:42 ; elapsed = 00:00:47 . Memory (MB): peak = 667.195 ; gain = 418.781
---------------------------------------------------------------------------------
Start ROM, RAM, DSP and Shift Register Reporting
---------------------------------------------------------------------------------

Distributed RAM: Preliminary Mapping  Report (see note below)
+------------+-----------------------------------------------------------+----------------+----------------------+------------------+
|Module Name | RTL Object                                                | Inference      | Size (Depth x Width) | Primitives       | 
+------------+-----------------------------------------------------------+----------------+----------------------+------------------+
|U0          | synth_options.dist_mem_inst/gen_sp_ram.spram_inst/ram_reg | User Attribute | 256 x 32             | RAM256X1S x 32   | 
+------------+-----------------------------------------------------------+----------------+----------------------+------------------+

Note: The table above is a preliminary report that shows the Distributed RAMs at the current stage of the synthesis flow. Some Distributed RAMs may be reimplemented as non Distributed RAM primitives later in the synthesis flow. Multiple instantiated RAMs are reported only once.
---------------------------------------------------------------------------------
Finished ROM, RAM, DSP and Shift Register Reporting
---------------------------------------------------------------------------------
Finished Applying XDC Timing Constraints : Time (s): cpu = 00:00:55 ; elapsed = 00:01:00 . Memory (MB): peak = 667.195 ; gain = 418.781
Finished Timing Optimization : Time (s): cpu = 00:00:55 ; elapsed = 00:01:00 . Memory (MB): peak = 667.195 ; gain = 418.781
Finished Technology Mapping : Time (s): cpu = 00:00:55 ; elapsed = 00:01:00 . Memory (MB): peak = 667.195 ; gain = 418.781
Finished IO Insertion : Time (s): cpu = 00:00:56 ; elapsed = 00:01:02 . Memory (MB): peak = 667.195 ; gain = 418.781
Finished Renaming Generated Instances : Time (s): cpu = 00:00:56 ; elapsed = 00:01:02 . Memory (MB): peak = 667.195 ; gain = 418.781
Finished Rebuilding User Hierarchy : Time (s): cpu = 00:00:56 ; elapsed = 00:01:02 . Memory (MB): peak = 667.195 ; gain = 418.781
Finished Renaming Generated Ports : Time (s): cpu = 00:00:56 ; elapsed = 00:01:02 . Memory (MB): peak = 667.195 ; gain = 418.781
Finished Handling Custom Attributes : Time (s): cpu = 00:00:56 ; elapsed = 00:01:02 . Memory (MB): peak = 667.195 ; gain = 418.781
Finished Renaming Generated Nets : Time (s): cpu = 00:00:56 ; elapsed = 00:01:02 . Memory (MB): peak = 667.195 ; gain = 418.781

Report Cell Usage: 
+------+----------+------+
|      |Cell      |Count |
+------+----------+------+
|1     |RAM256X1S |    32|
|2     |FDRE      |    32|
+------+----------+------+
Finished Writing Synthesis Report : Time (s): cpu = 00:00:56 ; elapsed = 00:01:02 . Memory (MB): peak = 667.195 ; gain = 418.781
synth_design: Time (s): cpu = 00:00:59 ; elapsed = 00:01:04 . Memory (MB): peak = 667.195 ; gain = 426.172
