
*** Running vivado
    with args -log inst_rom.vds -m64 -product Vivado -mode batch -messageDb vivado.pb -notrace -source inst_rom.tcl


****** Vivado v2017.3 (64-bit)
  **** SW Build 2018833 on Wed Oct  4 19:58:22 MDT 2017
  **** IP Build 2016188 on Wed Oct  4 21:52:56 MDT 2017
    ** Copyright 1986-2017 Xilinx, Inc. All Rights Reserved.

source inst_rom.tcl -notrace
Starting RTL Elaboration : Time (s): cpu = 00:00:12 ; elapsed = 00:00:13 . Memory (MB): peak = 341.617 ; gain = 93.203
INFO: [Synth 8-638] synthesizing module 'inst_rom' [d:/Work/vivado_project/DLC/MiniMIPS32/MiniMIPS32.srcs/sources_1/ip/inst_rom/synth/inst_rom.vhd:66]
INFO: [Synth 8-256] done synthesizing module 'inst_rom' (4#1) [d:/Work/vivado_project/DLC/MiniMIPS32/MiniMIPS32.srcs/sources_1/ip/inst_rom/synth/inst_rom.vhd:66]
Finished RTL Elaboration : Time (s): cpu = 00:00:14 ; elapsed = 00:00:16 . Memory (MB): peak = 385.730 ; gain = 137.316
Finished RTL Optimization Phase 1 : Time (s): cpu = 00:00:14 ; elapsed = 00:00:16 . Memory (MB): peak = 385.730 ; gain = 137.316
INFO: [Device 21-403] Loading part xc7a35tftg256-1
Constraint Validation Runtime : Time (s): cpu = 00:00:00 ; elapsed = 00:00:00.023 . Memory (MB): peak = 603.043 ; gain = 0.000
Finished Constraint Validation : Time (s): cpu = 00:00:32 ; elapsed = 00:00:36 . Memory (MB): peak = 603.043 ; gain = 354.629
Finished Loading Part and Timing Information : Time (s): cpu = 00:00:33 ; elapsed = 00:00:36 . Memory (MB): peak = 603.043 ; gain = 354.629
Finished applying 'set_property' XDC Constraints : Time (s): cpu = 00:00:33 ; elapsed = 00:00:36 . Memory (MB): peak = 603.043 ; gain = 354.629
Finished RTL Optimization Phase 2 : Time (s): cpu = 00:00:33 ; elapsed = 00:00:37 . Memory (MB): peak = 603.043 ; gain = 354.629
Finished Cross Boundary and Area Optimization : Time (s): cpu = 00:00:34 ; elapsed = 00:00:37 . Memory (MB): peak = 603.043 ; gain = 354.629
---------------------------------------------------------------------------------
Start ROM, RAM, DSP and Shift Register Reporting
---------------------------------------------------------------------------------

ROM:
+------------+------------+---------------+----------------+
|Module Name | RTL Object | Depth x Width | Implemented As | 
+------------+------------+---------------+----------------+
|rom         | rom[255]   | 256x29        | LUT            | 
+------------+------------+---------------+----------------+

---------------------------------------------------------------------------------
Finished ROM, RAM, DSP and Shift Register Reporting
---------------------------------------------------------------------------------
Finished Applying XDC Timing Constraints : Time (s): cpu = 00:00:48 ; elapsed = 00:00:52 . Memory (MB): peak = 643.664 ; gain = 395.250
Finished Timing Optimization : Time (s): cpu = 00:00:48 ; elapsed = 00:00:52 . Memory (MB): peak = 643.664 ; gain = 395.250
Finished Technology Mapping : Time (s): cpu = 00:00:48 ; elapsed = 00:00:52 . Memory (MB): peak = 653.801 ; gain = 405.387
Finished IO Insertion : Time (s): cpu = 00:00:49 ; elapsed = 00:00:54 . Memory (MB): peak = 653.801 ; gain = 405.387
Finished Renaming Generated Instances : Time (s): cpu = 00:00:49 ; elapsed = 00:00:54 . Memory (MB): peak = 653.801 ; gain = 405.387
Finished Rebuilding User Hierarchy : Time (s): cpu = 00:00:49 ; elapsed = 00:00:54 . Memory (MB): peak = 653.801 ; gain = 405.387
Finished Renaming Generated Ports : Time (s): cpu = 00:00:49 ; elapsed = 00:00:54 . Memory (MB): peak = 653.801 ; gain = 405.387
Finished Handling Custom Attributes : Time (s): cpu = 00:00:49 ; elapsed = 00:00:54 . Memory (MB): peak = 653.801 ; gain = 405.387
Finished Renaming Generated Nets : Time (s): cpu = 00:00:49 ; elapsed = 00:00:54 . Memory (MB): peak = 653.801 ; gain = 405.387

Report Cell Usage: 
+------+-----+------+
|      |Cell |Count |
+------+-----+------+
|1     |LUT4 |     3|
|2     |LUT6 |     4|
+------+-----+------+
Finished Writing Synthesis Report : Time (s): cpu = 00:00:49 ; elapsed = 00:00:54 . Memory (MB): peak = 653.801 ; gain = 405.387
synth_design: Time (s): cpu = 00:00:52 ; elapsed = 00:00:56 . Memory (MB): peak = 667.355 ; gain = 426.461
